<?xml version="1.0" encoding="UTF-8"?>
<!-- Generated by org.testng.reporters.JUnitReportReporter -->
<testsuite hostname="DESKTOP-TP0UA4V" failures="0" tests="1" name="scripts.Addtocart" time="8.478" errors="0" timestamp="2021-05-25T02:01:42 IST" skipped="0">
  <testcase classname="scripts.Addtocart" name="addproduct" time="8.478"/>
  <system-out/>
</testsuite> <!-- scripts.Addtocart -->
