<?xml version="1.0" encoding="UTF-8"?>
<!-- Generated by org.testng.reporters.JUnitReportReporter -->
<testsuite hostname="DESKTOP-TP0UA4V" failures="0" tests="1" name="scripts.TakeCourse" time="20.968" errors="0" timestamp="2021-05-25T03:07:19 IST" skipped="0">
  <testcase classname="scripts.TakeCourse" name="takecourse" time="20.968"/>
  <system-out/>
</testsuite> <!-- scripts.TakeCourse -->
