<?xml version="1.0" encoding="UTF-8"?>
<!-- Generated by org.testng.reporters.JUnitReportReporter -->
<testsuite hostname="DESKTOP-TP0UA4V" failures="0" tests="1" name="scripts.ContactDetails" time="7.071" errors="0" timestamp="2021-05-24T00:11:06 IST" skipped="0">
  <testcase classname="scripts.ContactDetails" name="contatctus" time="7.071"/>
  <system-out/>
</testsuite> <!-- scripts.ContactDetails -->
